@storybook/cli v7.1.0

info => Cleaning outputDir: /var/folders/jt/vg6c0gbx7ys4x0128m266l980000gn/T/chromatic--60657-smlDnKPAGAox
info => Loading presets
info => Building manager..
info => Manager built (122 ms)
info => Copying static files: /Users/anthonymendoza/code/learnstorybook-design-system/node_modules/@storybook/manager/static at /var/folders/jt/vg6c0gbx7ys4x0128m266l980000gn/T/chromatic--60657-smlDnKPAGAox/sb-common-assets
WARN No story files found for the specified pattern: src/**/*.mdx
vite v4.4.6 building for production...

./sb-common-assets/fonts.css doesn't exist at build time, it will remain unchanged to be resolved at runtime
transforming...
[plugin:vite:resolve] Module "path" has been externalized for browser compatibility, imported by "/Users/anthonymendoza/code/learnstorybook-design-system/node_modules/jest-util/build/requireOrImportModule.js". See http://vitejs.dev/guide/troubleshooting.html#module-externalized-for-browser-compatibility for more details.
[plugin:vite:resolve] Module "url" has been externalized for browser compatibility, imported by "/Users/anthonymendoza/code/learnstorybook-design-system/node_modules/jest-util/build/requireOrImportModule.js". See http://vitejs.dev/guide/troubleshooting.html#module-externalized-for-browser-compatibility for more details.
[plugin:vite:resolve] Module "fs" has been externalized for browser compatibility, imported by "/Users/anthonymendoza/code/learnstorybook-design-system/node_modules/graceful-fs/graceful-fs.js". See http://vitejs.dev/guide/troubleshooting.html#module-externalized-for-browser-compatibility for more details.
[plugin:vite:resolve] Module "constants" has been externalized for browser compatibility, imported by "/Users/anthonymendoza/code/learnstorybook-design-system/node_modules/graceful-fs/polyfills.js". See http://vitejs.dev/guide/troubleshooting.html#module-externalized-for-browser-compatibility for more details.
[plugin:vite:resolve] Module "stream" has been externalized for browser compatibility, imported by "/Users/anthonymendoza/code/learnstorybook-design-system/node_modules/graceful-fs/legacy-streams.js". See http://vitejs.dev/guide/troubleshooting.html#module-externalized-for-browser-compatibility for more details.
[plugin:vite:resolve] Module "path" has been externalized for browser compatibility, imported by "/Users/anthonymendoza/code/learnstorybook-design-system/node_modules/picomatch/lib/picomatch.js". See http://vitejs.dev/guide/troubleshooting.html#module-externalized-for-browser-compatibility for more details.
[plugin:vite:resolve] Module "path" has been externalized for browser compatibility, imported by "/Users/anthonymendoza/code/learnstorybook-design-system/node_modules/picomatch/lib/utils.js". See http://vitejs.dev/guide/troubleshooting.html#module-externalized-for-browser-compatibility for more details.
[plugin:vite:resolve] Module "path" has been externalized for browser compatibility, imported by "/Users/anthonymendoza/code/learnstorybook-design-system/node_modules/picomatch/lib/constants.js". See http://vitejs.dev/guide/troubleshooting.html#module-externalized-for-browser-compatibility for more details.
node_modules/telejson/dist/index.mjs (1394:15) Use of eval in "node_modules/telejson/dist/index.mjs" is strongly discouraged as it poses security risks and may cause issues with minification.
node_modules/telejson/dist/index.mjs (1397:18) Use of eval in "node_modules/telejson/dist/index.mjs" is strongly discouraged as it poses security risks and may cause issues with minification.
✓ 708 modules transformed.
rendering chunks...
computing gzip size...
../../../../var/folders/jt/vg6c0gbx7ys4x0128m266l980000gn/T/chromatic--60657-smlDnKPAGAox/iframe.html                                                                  12.71 kB │ gzip:   3.57 kB
../../../../var/folders/jt/vg6c0gbx7ys4x0128m266l980000gn/T/chromatic--60657-smlDnKPAGAox/assets/assert-a1982797.js                                                     0.13 kB │ gzip:   0.14 kB │ map:     0.54 kB
../../../../var/folders/jt/vg6c0gbx7ys4x0128m266l980000gn/T/chromatic--60657-smlDnKPAGAox/assets/index-d475d2ea.js                                                      0.21 kB │ gzip:   0.17 kB │ map:     0.85 kB
../../../../var/folders/jt/vg6c0gbx7ys4x0128m266l980000gn/T/chromatic--60657-smlDnKPAGAox/assets/emotion-use-insertion-effect-with-fallbacks.browser.esm-95ca0d59.js    0.28 kB │ gzip:   0.23 kB │ map:     1.16 kB
../../../../var/folders/jt/vg6c0gbx7ys4x0128m266l980000gn/T/chromatic--60657-smlDnKPAGAox/assets/extends-98964cd2.js                                                    0.29 kB │ gzip:   0.23 kB │ map:     1.01 kB
../../../../var/folders/jt/vg6c0gbx7ys4x0128m266l980000gn/T/chromatic--60657-smlDnKPAGAox/assets/_commonjs-dynamic-modules-302442b1.js                                  0.30 kB │ gzip:   0.24 kB │ map:     0.12 kB
../../../../var/folders/jt/vg6c0gbx7ys4x0128m266l980000gn/T/chromatic--60657-smlDnKPAGAox/assets/index-1b3623af.js                                                      0.62 kB │ gzip:   0.38 kB │ map:     4.30 kB
../../../../var/folders/jt/vg6c0gbx7ys4x0128m266l980000gn/T/chromatic--60657-smlDnKPAGAox/assets/preview-980d6faf.js                                                    0.63 kB │ gzip:   0.40 kB │ map:     2.34 kB
../../../../var/folders/jt/vg6c0gbx7ys4x0128m266l980000gn/T/chromatic--60657-smlDnKPAGAox/assets/WithTooltip-I4CCNYWD-cf240b01.js                                       0.67 kB │ gzip:   0.39 kB │ map:     0.11 kB
../../../../var/folders/jt/vg6c0gbx7ys4x0128m266l980000gn/T/chromatic--60657-smlDnKPAGAox/assets/syntaxhighlighter-SIPZPD4I-3fe5a0a1.js                                 0.68 kB │ gzip:   0.41 kB │ map:     0.12 kB
../../../../var/folders/jt/vg6c0gbx7ys4x0128m266l980000gn/T/chromatic--60657-smlDnKPAGAox/assets/preview-5ef354f3.js                                                    0.69 kB │ gzip:   0.49 kB │ map:     3.94 kB
../../../../var/folders/jt/vg6c0gbx7ys4x0128m266l980000gn/T/chromatic--60657-smlDnKPAGAox/assets/preview-31ae6053.js                                                    0.70 kB │ gzip:   0.44 kB │ map:     0.59 kB
../../../../var/folders/jt/vg6c0gbx7ys4x0128m266l980000gn/T/chromatic--60657-smlDnKPAGAox/assets/_commonjsHelpers-de833af9.js                                           0.75 kB │ gzip:   0.43 kB │ map:     0.11 kB
../../../../var/folders/jt/vg6c0gbx7ys4x0128m266l980000gn/T/chromatic--60657-smlDnKPAGAox/assets/index-356e4a49.js                                                      0.81 kB │ gzip:   0.51 kB │ map:     3.28 kB
../../../../var/folders/jt/vg6c0gbx7ys4x0128m266l980000gn/T/chromatic--60657-smlDnKPAGAox/assets/index-8d47fad6.js                                                      0.84 kB │ gzip:   0.55 kB │ map:     4.15 kB
../../../../var/folders/jt/vg6c0gbx7ys4x0128m266l980000gn/T/chromatic--60657-smlDnKPAGAox/assets/preview-b79ea209.js                                                    0.90 kB │ gzip:   0.60 kB │ map:     2.97 kB
../../../../var/folders/jt/vg6c0gbx7ys4x0128m266l980000gn/T/chromatic--60657-smlDnKPAGAox/assets/StoryLinkWrapper-2e4952a0.js                                           1.11 kB │ gzip:   0.53 kB │ map:     1.93 kB
../../../../var/folders/jt/vg6c0gbx7ys4x0128m266l980000gn/T/chromatic--60657-smlDnKPAGAox/assets/animation-8e1a732c.js                                                  1.24 kB │ gzip:   0.43 kB │ map:     2.19 kB
../../../../var/folders/jt/vg6c0gbx7ys4x0128m266l980000gn/T/chromatic--60657-smlDnKPAGAox/assets/preview-813f8e0d.js                                                    1.82 kB │ gzip:   0.97 kB │ map:     3.81 kB
../../../../var/folders/jt/vg6c0gbx7ys4x0128m266l980000gn/T/chromatic--60657-smlDnKPAGAox/assets/chunk-AY7I2SME-c7b6cf8a.js                                             1.88 kB │ gzip:   1.03 kB │ map:     8.94 kB
../../../../var/folders/jt/vg6c0gbx7ys4x0128m266l980000gn/T/chromatic--60657-smlDnKPAGAox/assets/styles-f712298e.js                                                     2.13 kB │ gzip:   1.20 kB │ map:    19.77 kB
../../../../var/folders/jt/vg6c0gbx7ys4x0128m266l980000gn/T/chromatic--60657-smlDnKPAGAox/assets/index-d37d4223.js                                                      2.63 kB │ gzip:   1.30 kB │ map:     7.50 kB
../../../../var/folders/jt/vg6c0gbx7ys4x0128m266l980000gn/T/chromatic--60657-smlDnKPAGAox/assets/Icon.stories-49421a45.js                                               3.22 kB │ gzip:   1.28 kB │ map:     0.14 kB
../../../../var/folders/jt/vg6c0gbx7ys4x0128m266l980000gn/T/chromatic--60657-smlDnKPAGAox/assets/preview-770cc08b.js                                                    3.22 kB │ gzip:   1.39 kB │ map:    10.25 kB
../../../../var/folders/jt/vg6c0gbx7ys4x0128m266l980000gn/T/chromatic--60657-smlDnKPAGAox/assets/Badge.stories-134d35fb.js                                              4.86 kB │ gzip:   1.60 kB │ map:     2.72 kB
../../../../var/folders/jt/vg6c0gbx7ys4x0128m266l980000gn/T/chromatic--60657-smlDnKPAGAox/assets/iframe-3788ecf2.js                                                     6.30 kB │ gzip:   1.93 kB │ map:     5.50 kB
../../../../var/folders/jt/vg6c0gbx7ys4x0128m266l980000gn/T/chromatic--60657-smlDnKPAGAox/assets/Avatar.stories-9653c84f.js                                             6.40 kB │ gzip:   2.17 kB │ map:     5.91 kB
../../../../var/folders/jt/vg6c0gbx7ys4x0128m266l980000gn/T/chromatic--60657-smlDnKPAGAox/assets/index-8ee6c85d.js                                                      7.21 kB │ gzip:   2.95 kB │ map:    15.75 kB
../../../../var/folders/jt/vg6c0gbx7ys4x0128m266l980000gn/T/chromatic--60657-smlDnKPAGAox/assets/Link.stories-a0a50f88.js                                               7.23 kB │ gzip:   2.30 kB │ map:     6.74 kB
../../../../var/folders/jt/vg6c0gbx7ys4x0128m266l980000gn/T/chromatic--60657-smlDnKPAGAox/assets/preview-d8c963a4.js                                                    7.67 kB │ gzip:   1.60 kB │ map:    14.24 kB
../../../../var/folders/jt/vg6c0gbx7ys4x0128m266l980000gn/T/chromatic--60657-smlDnKPAGAox/assets/preview-25cb0eda.js                                                    8.33 kB │ gzip:   3.21 kB │ map:    29.45 kB
../../../../var/folders/jt/vg6c0gbx7ys4x0128m266l980000gn/T/chromatic--60657-smlDnKPAGAox/assets/polished.esm-ed3ce7df.js                                              10.73 kB │ gzip:   3.85 kB │ map:   149.43 kB
../../../../var/folders/jt/vg6c0gbx7ys4x0128m266l980000gn/T/chromatic--60657-smlDnKPAGAox/assets/index-da07a199.js                                                     13.66 kB │ gzip:   5.12 kB │ map:    53.19 kB
../../../../var/folders/jt/vg6c0gbx7ys4x0128m266l980000gn/T/chromatic--60657-smlDnKPAGAox/assets/GlobalScrollAreaStyles-DZEYMYDM-ebce61f2.js                           15.27 kB │ gzip:   2.93 kB │ map:    21.44 kB
../../../../var/folders/jt/vg6c0gbx7ys4x0128m266l980000gn/T/chromatic--60657-smlDnKPAGAox/assets/Color-6VNJS4EI-da073b52.js                                            17.86 kB │ gzip:   6.87 kB │ map:    59.79 kB
../../../../var/folders/jt/vg6c0gbx7ys4x0128m266l980000gn/T/chromatic--60657-smlDnKPAGAox/assets/emotion-react-jsx-runtime.browser.esm-289b63e8.js                     18.41 kB │ gzip:   7.37 kB │ map:   109.66 kB
../../../../var/folders/jt/vg6c0gbx7ys4x0128m266l980000gn/T/chromatic--60657-smlDnKPAGAox/assets/Button.stories-7a6fa78c.js                                            22.42 kB │ gzip:   3.89 kB │ map:    15.98 kB
../../../../var/folders/jt/vg6c0gbx7ys4x0128m266l980000gn/T/chromatic--60657-smlDnKPAGAox/assets/OverlayScrollbars-OGE3XJTA-9c21e9a8.js                                28.94 kB │ gzip:  14.21 kB │ map:   108.13 kB
../../../../var/folders/jt/vg6c0gbx7ys4x0128m266l980000gn/T/chromatic--60657-smlDnKPAGAox/assets/preview-d37c1eaf.js                                                  109.96 kB │ gzip:  36.27 kB │ map:   401.19 kB
../../../../var/folders/jt/vg6c0gbx7ys4x0128m266l980000gn/T/chromatic--60657-smlDnKPAGAox/assets/Icon-23d985be.js                                                     140.20 kB │ gzip:  51.45 kB │ map:   155.04 kB
../../../../var/folders/jt/vg6c0gbx7ys4x0128m266l980000gn/T/chromatic--60657-smlDnKPAGAox/assets/_getPrototype-81ecceba.js                                            213.01 kB │ gzip:  66.67 kB │ map:   657.73 kB
../../../../var/folders/jt/vg6c0gbx7ys4x0128m266l980000gn/T/chromatic--60657-smlDnKPAGAox/assets/config-b282ee98.js                                                   213.48 kB │ gzip:  66.36 kB │ map:   803.89 kB
../../../../var/folders/jt/vg6c0gbx7ys4x0128m266l980000gn/T/chromatic--60657-smlDnKPAGAox/assets/DocsRenderer-3PUGWF3O-e72b4351.js                                    506.68 kB │ gzip: 166.64 kB │ map: 1,336.76 kB
../../../../var/folders/jt/vg6c0gbx7ys4x0128m266l980000gn/T/chromatic--60657-smlDnKPAGAox/assets/formatter-OJ5LH2CX-ecb34f21.js                                       601.86 kB │ gzip: 185.16 kB │ map: 1,318.63 kB

(!) Some chunks are larger than 500 kBs after minification. Consider:
- Using dynamic import() to code-split the application
- Use build.rollupOptions.output.manualChunks to improve chunking: https://rollupjs.org/configuration-options/#output-manualchunks
- Adjust chunk size limit for this warning via build.chunkSizeWarningLimit.
✓ built in 4.18s
info => Output directory: /var/folders/jt/vg6c0gbx7ys4x0128m266l980000gn/T/chromatic--60657-smlDnKPAGAox
